Using pre-set license
Built from '2020.2/release' branch; Version is '2020.2.1f1 (270dd8c3da1c) revision 2559448'; Using compiler version '192528614'; Build Type 'Release'
OS: 'Windows 10  (10.0.0) 64bit' Language: 'zh' Physical Memory: 16325 MB
BatchMode: 1, IsHumanControllingUs: 0, StartBugReporterOnCrash: 0, Is64bit: 1, IsPro: 0

 COMMAND LINE ARGUMENTS:
C:\Program Files\Unity\Hub\Editor\2020.2.1f1\Editor\Unity.exe
-adb2
-batchMode
-noUpm
-name
AssetImportWorker0
-projectPath
D:/KID/Unity_HC_TS_3D_FPS/3D_FPS
-logFile
Logs/AssetImportWorker0.log
-srvPort
50548
Successfully changed project path to: D:/KID/Unity_HC_TS_3D_FPS/3D_FPS
D:/KID/Unity_HC_TS_3D_FPS/3D_FPS
Using Asset Import Pipeline V2.
Refreshing native plugins compatible for Editor in 78.78 ms, found 0 plugins.
Preloading 0 native plugins for Editor in 0.00 ms.
Initialize engine version: 2020.2.1f1 (270dd8c3da1c)
[Subsystems] Discovering subsystems at path C:/Program Files/Unity/Hub/Editor/2020.2.1f1/Editor/Data/Resources/UnitySubsystems
[Subsystems] Discovering subsystems at path D:/KID/Unity_HC_TS_3D_FPS/3D_FPS/Assets
GfxDevice: creating device client; threaded=0
Direct3D:
    Version:  Direct3D 11.0 [level 11.0]
    Renderer: NVIDIA Quadro K620 (ID=0x13bb)
    Vendor:   
    VRAM:     2007 MB
    Driver:   27.21.14.5239
Initialize mono
Mono path[0] = 'C:/Program Files/Unity/Hub/Editor/2020.2.1f1/Editor/Data/Managed'
Mono path[1] = 'C:/Program Files/Unity/Hub/Editor/2020.2.1f1/Editor/Data/MonoBleedingEdge/lib/mono/unityjit'
Mono config path = 'C:/Program Files/Unity/Hub/Editor/2020.2.1f1/Editor/Data/MonoBleedingEdge/etc'
Using monoOptions --debugger-agent=transport=dt_socket,embedding=1,server=y,suspend=n,address=127.0.0.1:56240
Begin MonoManager ReloadAssembly
Registering precompiled unity dll's ...
Register platform support module: C:/Program Files/Unity/Hub/Editor/2020.2.1f1/Editor/Data/PlaybackEngines/WebGLSupport/UnityEditor.WebGL.Extensions.dll
Register platform support module: C:/Program Files/Unity/Hub/Editor/2020.2.1f1/Editor/Data/PlaybackEngines/WindowsStandaloneSupport/UnityEditor.WindowsStandalone.Extensions.dll
Registered in 0.001502 seconds.
Native extension for WindowsStandalone target not found
Native extension for WebGL target not found
Refreshing native plugins compatible for Editor in 71.27 ms, found 0 plugins.
Preloading 0 native plugins for Editor in 0.00 ms.
Invoked RoslynAnalysisRunner static constructor.
RoslynAnalysisRunner will not be running.
RoslynAnalysisRunner has terminated.
Mono: successfully reloaded assembly
- Completed reload, in  1.671 seconds
Platform modules already initialized, skipping
Registering precompiled user dll's ...
Registered in 0.001362 seconds.
Begin MonoManager ReloadAssembly
Native extension for WindowsStandalone target not found
Native extension for WebGL target not found
Refreshing native plugins compatible for Editor in 77.91 ms, found 0 plugins.
Preloading 0 native plugins for Editor in 0.00 ms.
Invoked RoslynAnalysisRunner static constructor.
RoslynAnalysisRunner will not be running.
RoslynAnalysisRunner has terminated.
Mono: successfully reloaded assembly
- Completed reload, in  1.823 seconds
Platform modules already initialized, skipping
========================================================================
Worker process is ready to serve import requests
Launched and connected shader compiler UnityShaderCompiler.exe after 0.04 seconds
D3D shader create error for vertex shader [0x80070057]
D3D shader create error for vertex shader [0x80070057]
D3D shader create error for vertex shader [0x80070057]
D3D shader create error for domain shader [0x80070057]
D3D shader create error for domain shader [0x80070057]
D3D shader create error for vertex shader [0x80070057]
Refreshing native plugins compatible for Editor in 0.75 ms, found 0 plugins.
Preloading 0 native plugins for Editor in 0.00 ms.
Unloading 3672 Unused Serialized files (Serialized files now loaded: 0)
System memory in use before: 182.3 MB.
System memory in use after: 182.6 MB.

Unloading 11 unused Assets to reduce memory usage. Loaded Objects now: 4132.
Total: 3.425100 ms (FindLiveObjects: 0.616400 ms CreateObjectMapping: 0.458400 ms MarkObjects: 2.289700 ms  DeleteObjects: 0.059300 ms)

========================================================================
Received Import Request.
  path: Assets/RPG_FPS_game_assets_industrial/Textures/Skyboxes/Skybox_v1/Skybox_v1.tga
  artifactKey: Guid(c7d6d657df5abae4f8c25def4868967b) Importer(815301076,1909f56bfc062723c751e8b465ee728b)
Start importing Assets/RPG_FPS_game_assets_industrial/Textures/Skyboxes/Skybox_v1/Skybox_v1.tga using Guid(c7d6d657df5abae4f8c25def4868967b) Importer(815301076,1909f56bfc062723c751e8b465ee728b)  -> (artifact id: '6076a26a4f5a230ea3de152b4a7d4d28') in 0.129443 seconds
  Import took 0.137499 seconds .

========================================================================
Received Prepare
Registering precompiled user dll's ...
Registered in 0.001890 seconds.
Begin MonoManager ReloadAssembly
Native extension for WindowsStandalone target not found
Native extension for WebGL target not found
Refreshing native plugins compatible for Editor in 0.60 ms, found 0 plugins.
Preloading 0 native plugins for Editor in 0.00 ms.
Invoked RoslynAnalysisRunner static constructor.
RoslynAnalysisRunner will not be running.
RoslynAnalysisRunner has terminated.
Mono: successfully reloaded assembly
- Completed reload, in  1.136 seconds
Platform modules already initialized, skipping
D3D shader create error for vertex shader [0x80070057]
D3D shader create error for vertex shader [0x80070057]
D3D shader create error for vertex shader [0x80070057]
D3D shader create error for domain shader [0x80070057]
D3D shader create error for domain shader [0x80070057]
D3D shader create error for vertex shader [0x80070057]
Refreshing native plugins compatible for Editor in 0.88 ms, found 0 plugins.
Preloading 0 native plugins for Editor in 0.00 ms.
Unloading 3399 Unused Serialized files (Serialized files now loaded: 0)
System memory in use before: 174.1 MB.
System memory in use after: 174.3 MB.

Unloading 6 unused Assets to reduce memory usage. Loaded Objects now: 4166.
Total: 4.485400 ms (FindLiveObjects: 0.391800 ms CreateObjectMapping: 0.312200 ms MarkObjects: 3.761700 ms  DeleteObjects: 0.018400 ms)

========================================================================
Received Import Request.
  Time since last request: 105.288111 seconds.
  path: Assets/ColorSkies/Textures/Skybox_7/Back_Tex.png
  artifactKey: Guid(ddd5569091b31ff419682dbdca61c618) Importer(815301076,1909f56bfc062723c751e8b465ee728b)
Start importing Assets/ColorSkies/Textures/Skybox_7/Back_Tex.png using Guid(ddd5569091b31ff419682dbdca61c618) Importer(815301076,1909f56bfc062723c751e8b465ee728b)  -> (artifact id: 'ea6570bbe1e2d70e21ed559508ecd7aa') in 0.206799 seconds
  Import took 0.213131 seconds .

========================================================================
Received Import Request.
  Time since last request: 0.000175 seconds.
  path: Assets/ColorSkies/Textures/Skybox_2/Back_Tex.png
  artifactKey: Guid(ccf6463c9748e3641969f0675ca31557) Importer(815301076,1909f56bfc062723c751e8b465ee728b)
Start importing Assets/ColorSkies/Textures/Skybox_2/Back_Tex.png using Guid(ccf6463c9748e3641969f0675ca31557) Importer(815301076,1909f56bfc062723c751e8b465ee728b)  -> (artifact id: 'bb9ac48d02629bd74d937bb63b0ce272') in 0.006192 seconds
  Import took 0.011733 seconds .

========================================================================
Received Import Request.
  Time since last request: 0.000234 seconds.
  path: Assets/ColorSkies/Textures/Skybox_1/Back_Tex.png
  artifactKey: Guid(c1a256d74c3f1704db8572ef683c43cc) Importer(815301076,1909f56bfc062723c751e8b465ee728b)
Start importing Assets/ColorSkies/Textures/Skybox_1/Back_Tex.png using Guid(c1a256d74c3f1704db8572ef683c43cc) Importer(815301076,1909f56bfc062723c751e8b465ee728b)  -> (artifact id: '9e7d80aff3d689d500049def6830c813') in 0.006430 seconds
  Import took 0.013654 seconds .

========================================================================
Received Import Request.
  Time since last request: 0.000228 seconds.
  path: Assets/ColorSkies/Textures/Skybox_6/Back_Tex.png
  artifactKey: Guid(db4f6f83698d9e04db6332fd79383640) Importer(815301076,1909f56bfc062723c751e8b465ee728b)
Start importing Assets/ColorSkies/Textures/Skybox_6/Back_Tex.png using Guid(db4f6f83698d9e04db6332fd79383640) Importer(815301076,1909f56bfc062723c751e8b465ee728b)  -> (artifact id: '3c25f45a4e39f9ba05d84a2cd1bb0a7e') in 0.012466 seconds
  Import took 0.019004 seconds .

========================================================================
Received Import Request.
  Time since last request: 0.000217 seconds.
  path: Assets/ColorSkies/Textures/Skybox_8/Back_Tex.png
  artifactKey: Guid(7f68f02c95f5a3c4e8232a5a2047a717) Importer(815301076,1909f56bfc062723c751e8b465ee728b)
Start importing Assets/ColorSkies/Textures/Skybox_8/Back_Tex.png using Guid(7f68f02c95f5a3c4e8232a5a2047a717) Importer(815301076,1909f56bfc062723c751e8b465ee728b)  -> (artifact id: 'f5928059b782a33dd37b06200a8b046e') in 0.040323 seconds
  Import took 0.048727 seconds .

========================================================================
Received Import Request.
  Time since last request: 0.000373 seconds.
  path: Assets/ColorSkies/Textures/Skybox_5/Back_Tex.png
  artifactKey: Guid(faa8113ee0b82404d87c52547a10cc91) Importer(815301076,1909f56bfc062723c751e8b465ee728b)
Start importing Assets/ColorSkies/Textures/Skybox_5/Back_Tex.png using Guid(faa8113ee0b82404d87c52547a10cc91) Importer(815301076,1909f56bfc062723c751e8b465ee728b)  -> (artifact id: '43f5f7769b70b12b8700d272d8d0a602') in 0.010655 seconds
  Import took 0.022398 seconds .

========================================================================
Received Import Request.
  Time since last request: 0.000355 seconds.
  path: Assets/素材/1530077-64.png
  artifactKey: Guid(16aecd77bc5495e438d946b9d0fcbdf0) Importer(815301076,1909f56bfc062723c751e8b465ee728b)
Start importing Assets/素材/1530077-64.png using Guid(16aecd77bc5495e438d946b9d0fcbdf0) Importer(815301076,1909f56bfc062723c751e8b465ee728b)  -> (artifact id: '654637034dbe1cec7e1fb3d91d508789') in 0.085017 seconds
  Import took 0.097716 seconds .

========================================================================
Received Import Request.
  Time since last request: 0.000324 seconds.
  path: Assets/ColorSkies/Textures/Skybox_4/Back_Tex.png
  artifactKey: Guid(4ce002b4dccc29342862558ba9ea05d2) Importer(815301076,1909f56bfc062723c751e8b465ee728b)
Start importing Assets/ColorSkies/Textures/Skybox_4/Back_Tex.png using Guid(4ce002b4dccc29342862558ba9ea05d2) Importer(815301076,1909f56bfc062723c751e8b465ee728b)  -> (artifact id: '5596073480f2fe17c81cc25de1ec57a5') in 0.012147 seconds
  Import took 0.026978 seconds .

========================================================================
Received Import Request.
  Time since last request: 1.429203 seconds.
  path: Assets/ColorSkies/Textures/Skybox_3/Back_Tex.png
  artifactKey: Guid(e88d0da9f62c13d40904c838a6dd00b8) Importer(815301076,1909f56bfc062723c751e8b465ee728b)
Start importing Assets/ColorSkies/Textures/Skybox_3/Back_Tex.png using Guid(e88d0da9f62c13d40904c838a6dd00b8) Importer(815301076,1909f56bfc062723c751e8b465ee728b)  -> (artifact id: '99271330588faff9ead02e1e886b6595') in 0.008972 seconds
  Import took 0.016873 seconds .

========================================================================
Received Import Request.
  Time since last request: 0.000164 seconds.
  path: Assets/M16 A1/Textures/Base mesh_Mat_Rifle_Caliber_5_56_1_BaseColor.tga
  artifactKey: Guid(be6107f3b237f53468310e353b30fc46) Importer(815301076,1909f56bfc062723c751e8b465ee728b)
Start importing Assets/M16 A1/Textures/Base mesh_Mat_Rifle_Caliber_5_56_1_BaseColor.tga using Guid(be6107f3b237f53468310e353b30fc46) Importer(815301076,1909f56bfc062723c751e8b465ee728b)  -> (artifact id: 'c43502f4fe41fa30a97b01d63ab92159') in 0.016507 seconds
  Import took 0.023267 seconds .

========================================================================
Received Import Request.
  Time since last request: 0.000255 seconds.
  path: Assets/RPG_FPS_game_assets_industrial/Barrels/Barrel_v2/Source/Barrel_v2.tga
  artifactKey: Guid(c6d4a352c819c824b9aa19a3a9b428d9) Importer(815301076,1909f56bfc062723c751e8b465ee728b)
Start importing Assets/RPG_FPS_game_assets_industrial/Barrels/Barrel_v2/Source/Barrel_v2.tga using Guid(c6d4a352c819c824b9aa19a3a9b428d9) Importer(815301076,1909f56bfc062723c751e8b465ee728b)  -> (artifact id: '60be8eb747aec7c36dab024985e450f6') in 0.007052 seconds
  Import took 0.013521 seconds .

========================================================================
Received Import Request.
  Time since last request: 0.000239 seconds.
  path: Assets/M16 A1/Textures/Base mesh_Mat_Rifle_Caliber_5_56_Normal_Unit.tga
  artifactKey: Guid(910ee69fad625cb4abd7250a31c3eff1) Importer(815301076,1909f56bfc062723c751e8b465ee728b)
Start importing Assets/M16 A1/Textures/Base mesh_Mat_Rifle_Caliber_5_56_Normal_Unit.tga using Guid(910ee69fad625cb4abd7250a31c3eff1) Importer(815301076,1909f56bfc062723c751e8b465ee728b)  -> (artifact id: '7f5f6427f85868fa9d12586bf90ac25a') in 0.040848 seconds
  Import took 0.050668 seconds .

========================================================================
Received Import Request.
  Time since last request: 0.000194 seconds.
  path: Assets/RPG_FPS_game_assets_industrial/Other_props/Generators/Generator_v1/Source/Generator_v1.tga
  artifactKey: Guid(41aa5d342e81570478a3901e771ca209) Importer(815301076,1909f56bfc062723c751e8b465ee728b)
Start importing Assets/RPG_FPS_game_assets_industrial/Other_props/Generators/Generator_v1/Source/Generator_v1.tga using Guid(41aa5d342e81570478a3901e771ca209) Importer(815301076,1909f56bfc062723c751e8b465ee728b)  -> (artifact id: '8c8327dccfa3d0e3bcf6662a59fa4935') in 0.005395 seconds
  Import took 0.013395 seconds .

========================================================================
Received Import Request.
  Time since last request: 0.000239 seconds.
  path: Assets/RPG_FPS_game_assets_industrial/Fences/Concrete_fences/Concrete_fence_v2/Source/Concrete_fence_v2.tga
  artifactKey: Guid(5321f19e8c384e6438f1b372bf5281ae) Importer(815301076,1909f56bfc062723c751e8b465ee728b)
Start importing Assets/RPG_FPS_game_assets_industrial/Fences/Concrete_fences/Concrete_fence_v2/Source/Concrete_fence_v2.tga using Guid(5321f19e8c384e6438f1b372bf5281ae) Importer(815301076,1909f56bfc062723c751e8b465ee728b)  -> (artifact id: 'b67c6bd2b2ac7832c320e7b41adc8c55') in 0.006196 seconds
  Import took 0.012210 seconds .

========================================================================
Received Import Request.
  Time since last request: 0.000222 seconds.
  path: Assets/ColorSkies/Textures/Skybox_4/Left_Tex.png
  artifactKey: Guid(54c85a2234eacb242b4ee561ac995f0d) Importer(815301076,1909f56bfc062723c751e8b465ee728b)
Start importing Assets/ColorSkies/Textures/Skybox_4/Left_Tex.png using Guid(54c85a2234eacb242b4ee561ac995f0d) Importer(815301076,1909f56bfc062723c751e8b465ee728b)  -> (artifact id: '1aece6bd391e0e34a44c0fd8ea7d4736') in 0.007123 seconds
  Import took 0.013885 seconds .

========================================================================
Received Import Request.
  Time since last request: 0.000254 seconds.
  path: Assets/ColorSkies/Textures/Skybox_6/Left_Tex.png
  artifactKey: Guid(a165eace3170c4a4486cc07a2cab1223) Importer(815301076,1909f56bfc062723c751e8b465ee728b)
Start importing Assets/ColorSkies/Textures/Skybox_6/Left_Tex.png using Guid(a165eace3170c4a4486cc07a2cab1223) Importer(815301076,1909f56bfc062723c751e8b465ee728b)  -> (artifact id: '7ae7d94581df1cfc515200d546f4b1ae') in 0.005844 seconds
  Import took 0.012157 seconds .

========================================================================
Received Import Request.
  Time since last request: 0.000345 seconds.
  path: Assets/RPG_FPS_game_assets_industrial/Buildings/Industrial/Hangars/Hangar_v4/Source/Hangar_v4.tga
  artifactKey: Guid(8821c02cc3689f749a6dbab1ac0f6ecd) Importer(815301076,1909f56bfc062723c751e8b465ee728b)
Start importing Assets/RPG_FPS_game_assets_industrial/Buildings/Industrial/Hangars/Hangar_v4/Source/Hangar_v4.tga using Guid(8821c02cc3689f749a6dbab1ac0f6ecd) Importer(815301076,1909f56bfc062723c751e8b465ee728b)  -> (artifact id: '127f90e78b6fff5be8fa469e3b54b1fa') in 0.006222 seconds
  Import took 0.013383 seconds .

========================================================================
Received Import Request.
  Time since last request: 0.000196 seconds.
  path: Assets/RPG_FPS_game_assets_industrial/Buildings/Industrial/Hangars/Hangar_v3/Source/Hangar_v3.tga
  artifactKey: Guid(9654ee4097ae0514db32ca5daa35d062) Importer(815301076,1909f56bfc062723c751e8b465ee728b)
Start importing Assets/RPG_FPS_game_assets_industrial/Buildings/Industrial/Hangars/Hangar_v3/Source/Hangar_v3.tga using Guid(9654ee4097ae0514db32ca5daa35d062) Importer(815301076,1909f56bfc062723c751e8b465ee728b)  -> (artifact id: '48ec4f5488d26131147e8088cea5efec') in 0.008156 seconds
  Import took 0.016777 seconds .

========================================================================
Received Import Request.
  Time since last request: 0.000262 seconds.
  path: Assets/ColorSkies/Textures/Skybox_7/Left_Tex.png
  artifactKey: Guid(202d8a1b5b39a8042bfa416fed86facc) Importer(815301076,1909f56bfc062723c751e8b465ee728b)
Start importing Assets/ColorSkies/Textures/Skybox_7/Left_Tex.png using Guid(202d8a1b5b39a8042bfa416fed86facc) Importer(815301076,1909f56bfc062723c751e8b465ee728b)  -> (artifact id: '9ad7df8ece4b5275604911296dc875ac') in 0.005946 seconds
  Import took 0.013442 seconds .

========================================================================
Received Import Request.
  Time since last request: 0.000165 seconds.
  path: Assets/ColorSkies/Textures/Skybox_2/Down_Tex.png
  artifactKey: Guid(60256e2f8227cee4ab28d230b5abbc35) Importer(815301076,1909f56bfc062723c751e8b465ee728b)
Start importing Assets/ColorSkies/Textures/Skybox_2/Down_Tex.png using Guid(60256e2f8227cee4ab28d230b5abbc35) Importer(815301076,1909f56bfc062723c751e8b465ee728b)  -> (artifact id: '4718078f5867971280f0109835734cea') in 0.005072 seconds
  Import took 0.010642 seconds .

========================================================================
Received Import Request.
  Time since last request: 0.000166 seconds.
  path: Assets/ColorSkies/Textures/Skybox_5/Front_Tex.png
  artifactKey: Guid(0ff3184f83c61694f88e71685b7681cf) Importer(815301076,1909f56bfc062723c751e8b465ee728b)
Start importing Assets/ColorSkies/Textures/Skybox_5/Front_Tex.png using Guid(0ff3184f83c61694f88e71685b7681cf) Importer(815301076,1909f56bfc062723c751e8b465ee728b)  -> (artifact id: '69bff82c4d99e693cbe53c3c80730d44') in 0.006101 seconds
  Import took 0.012096 seconds .

========================================================================
Received Import Request.
  Time since last request: 0.000161 seconds.
  path: Assets/ColorSkies/Textures/Skybox_1/Front_Tex.png
  artifactKey: Guid(7a3837d7139c94344972fa9fc9a474e3) Importer(815301076,1909f56bfc062723c751e8b465ee728b)
Start importing Assets/ColorSkies/Textures/Skybox_1/Front_Tex.png using Guid(7a3837d7139c94344972fa9fc9a474e3) Importer(815301076,1909f56bfc062723c751e8b465ee728b)  -> (artifact id: 'e75b73559773ed7a33a2f734542592d8') in 0.004446 seconds
  Import took 0.010054 seconds .

========================================================================
Received Import Request.
  Time since last request: 0.000164 seconds.
  path: Assets/RPG_FPS_game_assets_industrial/Textures/Transparent/Lattice/Lattice_v1/Lattice_v1.png
  artifactKey: Guid(70510350e3d466648831bf5261886975) Importer(815301076,1909f56bfc062723c751e8b465ee728b)
Start importing Assets/RPG_FPS_game_assets_industrial/Textures/Transparent/Lattice/Lattice_v1/Lattice_v1.png using Guid(70510350e3d466648831bf5261886975) Importer(815301076,1909f56bfc062723c751e8b465ee728b)  -> (artifact id: 'a9edd93d589e3e281ad93c85e9d94933') in 0.004977 seconds
  Import took 0.010994 seconds .

========================================================================
Received Import Request.
  Time since last request: 0.000187 seconds.
  path: Assets/ColorSkies/Textures/Skybox_2/Left_Tex.png
  artifactKey: Guid(5d49dc08e367f8d469f95ed9b795a73d) Importer(815301076,1909f56bfc062723c751e8b465ee728b)
Start importing Assets/ColorSkies/Textures/Skybox_2/Left_Tex.png using Guid(5d49dc08e367f8d469f95ed9b795a73d) Importer(815301076,1909f56bfc062723c751e8b465ee728b)  -> (artifact id: '1bb72d17d79c77e7a5bf511790e74b92') in 0.005801 seconds
  Import took 0.011830 seconds .

========================================================================
Received Import Request.
  Time since last request: 0.000162 seconds.
  path: Assets/ColorSkies/Textures/Skybox_4/Front_Tex.png
  artifactKey: Guid(71de4bd32f3aa0d43b999affb1c3b38b) Importer(815301076,1909f56bfc062723c751e8b465ee728b)
Start importing Assets/ColorSkies/Textures/Skybox_4/Front_Tex.png using Guid(71de4bd32f3aa0d43b999affb1c3b38b) Importer(815301076,1909f56bfc062723c751e8b465ee728b)  -> (artifact id: 'f86a984146d3824d3d33c34a45092ac9') in 0.004733 seconds
  Import took 0.010007 seconds .

========================================================================
Received Import Request.
  Time since last request: 0.000147 seconds.
  path: Assets/RPG_FPS_game_assets_industrial/Other_props/Electric_box/Electric_box_v3/Source/Electric_box_v3.tga
  artifactKey: Guid(04f3361e4517345498fca665ca71af76) Importer(815301076,1909f56bfc062723c751e8b465ee728b)
Start importing Assets/RPG_FPS_game_assets_industrial/Other_props/Electric_box/Electric_box_v3/Source/Electric_box_v3.tga using Guid(04f3361e4517345498fca665ca71af76) Importer(815301076,1909f56bfc062723c751e8b465ee728b)  -> (artifact id: '2e578aa4b4c11676486e04a19a53bf69') in 0.004291 seconds
  Import took 0.009398 seconds .

========================================================================
Received Import Request.
  Time since last request: 0.000153 seconds.
  path: Assets/ColorSkies/Textures/Skybox_1/Down_Tex.png
  artifactKey: Guid(9c05f2ab86441c4478441ff554428b70) Importer(815301076,1909f56bfc062723c751e8b465ee728b)
Start importing Assets/ColorSkies/Textures/Skybox_1/Down_Tex.png using Guid(9c05f2ab86441c4478441ff554428b70) Importer(815301076,1909f56bfc062723c751e8b465ee728b)  -> (artifact id: '417e167443a7f893b3ce8641cc0dfe5c') in 0.004345 seconds
  Import took 0.009421 seconds .

========================================================================
Received Import Request.
  Time since last request: 0.000144 seconds.
  path: Assets/M16 A1/Textures/Base mesh_Mat_Rifle_Caliber_5_56_1_Normal_unit.tga
  artifactKey: Guid(48c1bc6a1acce964889fccb303999954) Importer(815301076,1909f56bfc062723c751e8b465ee728b)
Start importing Assets/M16 A1/Textures/Base mesh_Mat_Rifle_Caliber_5_56_1_Normal_unit.tga using Guid(48c1bc6a1acce964889fccb303999954) Importer(815301076,1909f56bfc062723c751e8b465ee728b)  -> (artifact id: '041af7e2650d0e9a7d85be1db91c3e70') in 0.022248 seconds
  Import took 0.029619 seconds .

========================================================================
Received Import Request.
  Time since last request: 0.000211 seconds.
  path: Assets/RPG_FPS_game_assets_industrial/Dumpsters/Dumpsters_v1/Source/Dumpsters_v1.tga
  artifactKey: Guid(8d573834b9816fa48b0bebb9c00194f0) Importer(815301076,1909f56bfc062723c751e8b465ee728b)
Start importing Assets/RPG_FPS_game_assets_industrial/Dumpsters/Dumpsters_v1/Source/Dumpsters_v1.tga using Guid(8d573834b9816fa48b0bebb9c00194f0) Importer(815301076,1909f56bfc062723c751e8b465ee728b)  -> (artifact id: '1c47d3602d549636afad9afa38e3cf9b') in 0.004526 seconds
  Import took 0.009863 seconds .

========================================================================
Received Import Request.
  Time since last request: 0.000239 seconds.
  path: Assets/ColorSkies/Textures/Skybox_3/Back_Tex.png
  artifactKey: Guid(e88d0da9f62c13d40904c838a6dd00b8) Importer(815301076,1909f56bfc062723c751e8b465ee728b)
Start importing Assets/ColorSkies/Textures/Skybox_3/Back_Tex.png using Guid(e88d0da9f62c13d40904c838a6dd00b8) Importer(815301076,1909f56bfc062723c751e8b465ee728b)  -> (artifact id: '99271330588faff9ead02e1e886b6595') in 0.004507 seconds
  Import took 0.009489 seconds .

========================================================================
Received Import Request.
  Time since last request: 0.000285 seconds.
  path: Assets/RPG_FPS_game_assets_industrial/Buildings/Industrial/Hangars/Hangar_v1/Source/Hangar_v1.tga
  artifactKey: Guid(e5e41360ae94ba445a2e6f7a2bcca35d) Importer(815301076,1909f56bfc062723c751e8b465ee728b)
Start importing Assets/RPG_FPS_game_assets_industrial/Buildings/Industrial/Hangars/Hangar_v1/Source/Hangar_v1.tga using Guid(e5e41360ae94ba445a2e6f7a2bcca35d) Importer(815301076,1909f56bfc062723c751e8b465ee728b)  -> (artifact id: 'f94c92489b9e8e361391a2a2d6f0cc28') in 0.004358 seconds
  Import took 0.009334 seconds .

========================================================================
Received Import Request.
  Time since last request: 0.000231 seconds.
  path: Assets/RPG_FPS_game_assets_industrial/Containers/Cargo_container_v1/Source/Cargo_container_v1.tga
  artifactKey: Guid(b40ffba02b740d0449a254f7d2eb87af) Importer(815301076,1909f56bfc062723c751e8b465ee728b)
Start importing Assets/RPG_FPS_game_assets_industrial/Containers/Cargo_container_v1/Source/Cargo_container_v1.tga using Guid(b40ffba02b740d0449a254f7d2eb87af) Importer(815301076,1909f56bfc062723c751e8b465ee728b)  -> (artifact id: '4a27a83a747d6761e4ac9fa0464be947') in 0.004911 seconds
  Import took 0.010017 seconds .

========================================================================
Received Import Request.
  Time since last request: 0.000239 seconds.
  path: Assets/ColorSkies/Textures/Skybox_7/Down_Tex.png
  artifactKey: Guid(8f99e93e2d44b91459b2c18f4ea20396) Importer(815301076,1909f56bfc062723c751e8b465ee728b)
Start importing Assets/ColorSkies/Textures/Skybox_7/Down_Tex.png using Guid(8f99e93e2d44b91459b2c18f4ea20396) Importer(815301076,1909f56bfc062723c751e8b465ee728b)  -> (artifact id: '88d9551c212a9c58f9f7e299d7c9d35d') in 0.004462 seconds
  Import took 0.009489 seconds .

========================================================================
Received Import Request.
  Time since last request: 0.000237 seconds.
  path: Assets/ColorSkies/Textures/Skybox_6/Down_Tex.png
  artifactKey: Guid(11a7be3583abbfb4887ddf650e44e7aa) Importer(815301076,1909f56bfc062723c751e8b465ee728b)
Start importing Assets/ColorSkies/Textures/Skybox_6/Down_Tex.png using Guid(11a7be3583abbfb4887ddf650e44e7aa) Importer(815301076,1909f56bfc062723c751e8b465ee728b)  -> (artifact id: '7e734435984b4b559ecbd13cc0e8308e') in 0.004462 seconds
  Import took 0.009550 seconds .

========================================================================
Received Import Request.
  Time since last request: 0.000252 seconds.
  path: Assets/ColorSkies/Textures/Skybox_6/Front_Tex.png
  artifactKey: Guid(5fbca3066806bba409147e4ccacbdd99) Importer(815301076,1909f56bfc062723c751e8b465ee728b)
Start importing Assets/ColorSkies/Textures/Skybox_6/Front_Tex.png using Guid(5fbca3066806bba409147e4ccacbdd99) Importer(815301076,1909f56bfc062723c751e8b465ee728b)  -> (artifact id: 'b3384a98e87a2f5590f09c5d151051c2') in 0.004423 seconds
  Import took 0.009449 seconds .

========================================================================
Received Import Request.
  Time since last request: 0.000263 seconds.
  path: Assets/ColorSkies/Textures/Skybox_5/Down_Tex.png
  artifactKey: Guid(a890e4d5bb98bbc4f9a16e0db8faa8c3) Importer(815301076,1909f56bfc062723c751e8b465ee728b)
Start importing Assets/ColorSkies/Textures/Skybox_5/Down_Tex.png using Guid(a890e4d5bb98bbc4f9a16e0db8faa8c3) Importer(815301076,1909f56bfc062723c751e8b465ee728b)  -> (artifact id: '4604f94a82c145c4a1503e9774433317') in 0.004525 seconds
  Import took 0.009673 seconds .

========================================================================
Received Import Request.
  Time since last request: 0.000237 seconds.
  path: Assets/RPG_FPS_game_assets_industrial/Barrels/Barrel_v3/Source/Barrel_v3.tga
  artifactKey: Guid(ab642a6f4431c294dad548240c4df51f) Importer(815301076,1909f56bfc062723c751e8b465ee728b)
Start importing Assets/RPG_FPS_game_assets_industrial/Barrels/Barrel_v3/Source/Barrel_v3.tga using Guid(ab642a6f4431c294dad548240c4df51f) Importer(815301076,1909f56bfc062723c751e8b465ee728b)  -> (artifact id: '41d714c1cc7fd9a29f2aca655a2b5246') in 0.004110 seconds
  Import took 0.009166 seconds .

========================================================================
Received Import Request.
  Time since last request: 0.000276 seconds.
  path: Assets/LowPolySoldiers_demo/models/Materials/demo_weapon.tga
  artifactKey: Guid(cdc2f2cf3b64f884e88745604d95f11f) Importer(815301076,1909f56bfc062723c751e8b465ee728b)
Start importing Assets/LowPolySoldiers_demo/models/Materials/demo_weapon.tga using Guid(cdc2f2cf3b64f884e88745604d95f11f) Importer(815301076,1909f56bfc062723c751e8b465ee728b)  -> (artifact id: 'd078059a8a9fbf6e2eae01bef66a549e') in 0.004868 seconds
  Import took 0.009915 seconds .

========================================================================
Received Import Request.
  Time since last request: 0.000297 seconds.
  path: Assets/M16 A1/Textures/Base mesh_Mat_Rifle_Caliber_5_56_AO.tga
  artifactKey: Guid(11305866d8a589049bcb46e8cf56cf2c) Importer(815301076,1909f56bfc062723c751e8b465ee728b)
Start importing Assets/M16 A1/Textures/Base mesh_Mat_Rifle_Caliber_5_56_AO.tga using Guid(11305866d8a589049bcb46e8cf56cf2c) Importer(815301076,1909f56bfc062723c751e8b465ee728b)  -> (artifact id: 'e9a82746940e40b91d74848aa7539376') in 0.012223 seconds
  Import took 0.017945 seconds .

========================================================================
Received Import Request.
  Time since last request: 0.000259 seconds.
  path: Assets/RPG_FPS_game_assets_industrial/Other_props/Electric_box/Electric_box_v1/Source/Electric_box_v1.tga
  artifactKey: Guid(057064944ec7aca4dabc5785ae094d31) Importer(815301076,1909f56bfc062723c751e8b465ee728b)
Start importing Assets/RPG_FPS_game_assets_industrial/Other_props/Electric_box/Electric_box_v1/Source/Electric_box_v1.tga using Guid(057064944ec7aca4dabc5785ae094d31) Importer(815301076,1909f56bfc062723c751e8b465ee728b)  -> (artifact id: 'b0cfeaa21989e91da1d1d75f21e4f3a7') in 0.004477 seconds
  Import took 0.009640 seconds .

========================================================================
Received Import Request.
  Time since last request: 0.000286 seconds.
  path: Assets/LowPolySoldiers_demo/models/Materials/demo_soldier_512.tga
  artifactKey: Guid(8293059b819fbd34983493640ff4b930) Importer(815301076,1909f56bfc062723c751e8b465ee728b)
Start importing Assets/LowPolySoldiers_demo/models/Materials/demo_soldier_512.tga using Guid(8293059b819fbd34983493640ff4b930) Importer(815301076,1909f56bfc062723c751e8b465ee728b)  -> (artifact id: '11aa37d070fad7732953188698998ff1') in 0.005239 seconds
  Import took 0.014317 seconds .

========================================================================
Received Import Request.
  Time since last request: 0.000251 seconds.
  path: Assets/ColorSkies/Textures/Skybox_3/Front_Tex.png
  artifactKey: Guid(ff763b7d888f8dc449d241f19294106b) Importer(815301076,1909f56bfc062723c751e8b465ee728b)
Start importing Assets/ColorSkies/Textures/Skybox_3/Front_Tex.png using Guid(ff763b7d888f8dc449d241f19294106b) Importer(815301076,1909f56bfc062723c751e8b465ee728b)  -> (artifact id: 'db4caa855e4ab06a7335d1ce9f995141') in 0.006328 seconds
  Import took 0.014194 seconds .

========================================================================
Received Import Request.
  Time since last request: 0.000305 seconds.
  path: Assets/RPG_FPS_game_assets_industrial/Other_props/Pipes/Industrial_pipes/Industrial_pipe_v1/Source/Industrial_pipe_v1.tga
  artifactKey: Guid(4170b5df5e761b44e8f7cf7e48faec92) Importer(815301076,1909f56bfc062723c751e8b465ee728b)
Start importing Assets/RPG_FPS_game_assets_industrial/Other_props/Pipes/Industrial_pipes/Industrial_pipe_v1/Source/Industrial_pipe_v1.tga using Guid(4170b5df5e761b44e8f7cf7e48faec92) Importer(815301076,1909f56bfc062723c751e8b465ee728b)  -> (artifact id: '671fa05965bf5c49a06bee7aba95d548') in 0.006903 seconds
  Import took 0.016591 seconds .

========================================================================
Received Import Request.
  Time since last request: 0.000249 seconds.
  path: Assets/M16 A1/Textures/Base mesh_Mat_Rifle_Caliber_5_56_BaseColor.tga
  artifactKey: Guid(dbc463c0db259944586d99c2cf8220a0) Importer(815301076,1909f56bfc062723c751e8b465ee728b)
Start importing Assets/M16 A1/Textures/Base mesh_Mat_Rifle_Caliber_5_56_BaseColor.tga using Guid(dbc463c0db259944586d99c2cf8220a0) Importer(815301076,1909f56bfc062723c751e8b465ee728b)  -> (artifact id: 'be0d92bacf0ce728286371faaa95aec6') in 0.065773 seconds
  Import took 0.076954 seconds .

========================================================================
Received Import Request.
  Time since last request: 0.000326 seconds.
  path: Assets/ColorSkies/Textures/Skybox_3/Down_Tex.png
  artifactKey: Guid(f5c10e8155f7ef2429f4ecfed1e81a7a) Importer(815301076,1909f56bfc062723c751e8b465ee728b)
Start importing Assets/ColorSkies/Textures/Skybox_3/Down_Tex.png using Guid(f5c10e8155f7ef2429f4ecfed1e81a7a) Importer(815301076,1909f56bfc062723c751e8b465ee728b)  -> (artifact id: 'af217acaf1e782dc26d2c0f2c416be0c') in 0.011806 seconds
  Import took 0.019947 seconds .

========================================================================
Received Import Request.
  Time since last request: 0.000329 seconds.
  path: Assets/ColorSkies/Textures/Skybox_8/Front_Tex.png
  artifactKey: Guid(3f9dd857e107eea4dbc8fab7ebd80a13) Importer(815301076,1909f56bfc062723c751e8b465ee728b)
Start importing Assets/ColorSkies/Textures/Skybox_8/Front_Tex.png using Guid(3f9dd857e107eea4dbc8fab7ebd80a13) Importer(815301076,1909f56bfc062723c751e8b465ee728b)  -> (artifact id: 'ce31cb30d92ccddc2d1f05b46391768d') in 0.065734 seconds
  Import took 0.075010 seconds .

========================================================================
Received Import Request.
  Time since last request: 0.000302 seconds.
  path: Assets/ColorSkies/Textures/Skybox_7/Front_Tex.png
  artifactKey: Guid(b81d91965908a214d848b719c7a9d1ac) Importer(815301076,1909f56bfc062723c751e8b465ee728b)
Start importing Assets/ColorSkies/Textures/Skybox_7/Front_Tex.png using Guid(b81d91965908a214d848b719c7a9d1ac) Importer(815301076,1909f56bfc062723c751e8b465ee728b)  -> (artifact id: '93ea013459f533710fbcb63c9b7fc2d0') in 0.008281 seconds
  Import took 0.016805 seconds .

========================================================================
Received Import Request.
  Time since last request: 0.000280 seconds.
  path: Assets/ColorSkies/Textures/Skybox_3/Left_Tex.png
  artifactKey: Guid(36b1e02dd68d74c40ab47d997320867b) Importer(815301076,1909f56bfc062723c751e8b465ee728b)
Start importing Assets/ColorSkies/Textures/Skybox_3/Left_Tex.png using Guid(36b1e02dd68d74c40ab47d997320867b) Importer(815301076,1909f56bfc062723c751e8b465ee728b)  -> (artifact id: 'ffbe78504246fbd8eb9310f01c865a99') in 0.006228 seconds
  Import took 0.012807 seconds .

========================================================================
Received Import Request.
  Time since last request: 0.000258 seconds.
  path: Assets/ColorSkies/Textures/Skybox_2/Front_Tex.png
  artifactKey: Guid(73792e4787969994bb4c97e418591c41) Importer(815301076,1909f56bfc062723c751e8b465ee728b)
Start importing Assets/ColorSkies/Textures/Skybox_2/Front_Tex.png using Guid(73792e4787969994bb4c97e418591c41) Importer(815301076,1909f56bfc062723c751e8b465ee728b)  -> (artifact id: '0df0e93a7dec3649fd9a2ba72b036174') in 0.037796 seconds
  Import took 0.043292 seconds .

========================================================================
Received Import Request.
  Time since last request: 0.000264 seconds.
  path: Assets/RPG_FPS_game_assets_industrial/Fences/Concrete_fences/Concrete_fence_v1/Source/Concrete_fence_v1.tga
  artifactKey: Guid(bacba518b54415a4bbce381fb34fce65) Importer(815301076,1909f56bfc062723c751e8b465ee728b)
Start importing Assets/RPG_FPS_game_assets_industrial/Fences/Concrete_fences/Concrete_fence_v1/Source/Concrete_fence_v1.tga using Guid(bacba518b54415a4bbce381fb34fce65) Importer(815301076,1909f56bfc062723c751e8b465ee728b)  -> (artifact id: 'c356ff47eefe6a69534558b33206201c') in 0.016869 seconds
  Import took 0.022207 seconds .

========================================================================
Received Import Request.
  Time since last request: 0.000249 seconds.
  path: Assets/ColorSkies/Textures/Skybox_8/Down_Tex.png
  artifactKey: Guid(b20a4e86d9bc1014081950eee3a2f5d5) Importer(815301076,1909f56bfc062723c751e8b465ee728b)
Start importing Assets/ColorSkies/Textures/Skybox_8/Down_Tex.png using Guid(b20a4e86d9bc1014081950eee3a2f5d5) Importer(815301076,1909f56bfc062723c751e8b465ee728b)  -> (artifact id: 'e065134531419b704bd408eb109a4b2e') in 0.005873 seconds
  Import took 0.013012 seconds .

========================================================================
Received Import Request.
  Time since last request: 0.000332 seconds.
  path: Assets/ColorSkies/Textures/Skybox_5/Left_Tex.png
  artifactKey: Guid(521ba01b98a34334b97fe8fb50582cf9) Importer(815301076,1909f56bfc062723c751e8b465ee728b)
Start importing Assets/ColorSkies/Textures/Skybox_5/Left_Tex.png using Guid(521ba01b98a34334b97fe8fb50582cf9) Importer(815301076,1909f56bfc062723c751e8b465ee728b)  -> (artifact id: 'b361180ef1ef8dfb753df7dd7a7ab726') in 0.006260 seconds
  Import took 0.013760 seconds .

========================================================================
Received Import Request.
  Time since last request: 0.000296 seconds.
  path: Assets/M16 A1/Textures/Base mesh_Mat_Rifle_Caliber_5_56_Metallic.tga
  artifactKey: Guid(3f39b8166e41a764982f53dd6a26a62e) Importer(815301076,1909f56bfc062723c751e8b465ee728b)
Start importing Assets/M16 A1/Textures/Base mesh_Mat_Rifle_Caliber_5_56_Metallic.tga using Guid(3f39b8166e41a764982f53dd6a26a62e) Importer(815301076,1909f56bfc062723c751e8b465ee728b)  -> (artifact id: '8865b23f15f8d71ae5fd6aa3e70b43a7') in 0.041813 seconds
  Import took 0.051722 seconds .

========================================================================
Received Import Request.
  Time since last request: 0.000309 seconds.
  path: Assets/M16 A1/Textures/Base mesh_Mat_Rifle_Caliber_5_56_1_Metallic.tga
  artifactKey: Guid(4e22f742ebef849469bbcfb5b0e57c3e) Importer(815301076,1909f56bfc062723c751e8b465ee728b)
Start importing Assets/M16 A1/Textures/Base mesh_Mat_Rifle_Caliber_5_56_1_Metallic.tga using Guid(4e22f742ebef849469bbcfb5b0e57c3e) Importer(815301076,1909f56bfc062723c751e8b465ee728b)  -> (artifact id: '6a0f0f4f398907a0a6ed124838193d23') in 0.014635 seconds
  Import took 0.022874 seconds .

========================================================================
Received Import Request.
  Time since last request: 0.000090 seconds.
  path: Assets/ColorSkies/Textures/Skybox_1/Left_Tex.png
  artifactKey: Guid(b4bbff34d946d3d4b948509b9085ba95) Importer(815301076,1909f56bfc062723c751e8b465ee728b)
Start importing Assets/ColorSkies/Textures/Skybox_1/Left_Tex.png using Guid(b4bbff34d946d3d4b948509b9085ba95) Importer(815301076,1909f56bfc062723c751e8b465ee728b)  -> (artifact id: 'f4a82aed7917ac4d981eb707aa6e633b') in 0.006374 seconds
  Import took 0.013150 seconds .

========================================================================
Received Import Request.
  Time since last request: 0.000303 seconds.
  path: Assets/RPG_FPS_game_assets_industrial/Other_props/Electric_box/Electric_box_v2/Source/Electric_box_v2.tga
  artifactKey: Guid(f2bf42e3b52f203428aedd3c24b69693) Importer(815301076,1909f56bfc062723c751e8b465ee728b)
Start importing Assets/RPG_FPS_game_assets_industrial/Other_props/Electric_box/Electric_box_v2/Source/Electric_box_v2.tga using Guid(f2bf42e3b52f203428aedd3c24b69693) Importer(815301076,1909f56bfc062723c751e8b465ee728b)  -> (artifact id: 'e046a54d7bac5c60161f8b4f8597a8a4') in 0.043319 seconds
  Import took 0.049715 seconds .

========================================================================
Received Import Request.
  Time since last request: 0.000216 seconds.
  path: Assets/RPG_FPS_game_assets_industrial/Buildings/Industrial/Hangars/Hangar_v2/Source/Hangar_v2.tga
  artifactKey: Guid(54db2c86883388c4eb087ed2a47c9938) Importer(815301076,1909f56bfc062723c751e8b465ee728b)
Start importing Assets/RPG_FPS_game_assets_industrial/Buildings/Industrial/Hangars/Hangar_v2/Source/Hangar_v2.tga using Guid(54db2c86883388c4eb087ed2a47c9938) Importer(815301076,1909f56bfc062723c751e8b465ee728b)  -> (artifact id: 'a5e6e36fda0cef988ea03b3259ee75ec') in 0.015584 seconds
  Import took 0.021333 seconds .

========================================================================
Received Import Request.
  Time since last request: 0.000225 seconds.
  path: Assets/M16 A1/Textures/Base mesh_Mat_Rifle_Caliber_5_56_1_AO.tga
  artifactKey: Guid(0cde160b5111140499bc26eacded7df7) Importer(815301076,1909f56bfc062723c751e8b465ee728b)
Start importing Assets/M16 A1/Textures/Base mesh_Mat_Rifle_Caliber_5_56_1_AO.tga using Guid(0cde160b5111140499bc26eacded7df7) Importer(815301076,1909f56bfc062723c751e8b465ee728b)  -> (artifact id: 'a441efbcf05c4a23af64e5d2a7aac853') in 0.013837 seconds
  Import took 0.021925 seconds .

========================================================================
Received Import Request.
  Time since last request: 0.000182 seconds.
  path: Assets/ColorSkies/Textures/Skybox_4/Down_Tex.png
  artifactKey: Guid(98078ce5a530b404ebfcf21998603672) Importer(815301076,1909f56bfc062723c751e8b465ee728b)
Start importing Assets/ColorSkies/Textures/Skybox_4/Down_Tex.png using Guid(98078ce5a530b404ebfcf21998603672) Importer(815301076,1909f56bfc062723c751e8b465ee728b)  -> (artifact id: '2b1166290d6567758e645a758b9c8a23') in 0.042154 seconds
  Import took 0.051531 seconds .

========================================================================
Received Import Request.
  Time since last request: 0.000375 seconds.
  path: Assets/RPG_FPS_game_assets_industrial/Textures/Grass/Grass_v1.tga
  artifactKey: Guid(458fc6f7dd428e748a22f2ed232be143) Importer(815301076,1909f56bfc062723c751e8b465ee728b)
Start importing Assets/RPG_FPS_game_assets_industrial/Textures/Grass/Grass_v1.tga using Guid(458fc6f7dd428e748a22f2ed232be143) Importer(815301076,1909f56bfc062723c751e8b465ee728b)  -> (artifact id: '538d8b76a2eeeb181d508dc9dff61098') in 0.013856 seconds
  Import took 0.021971 seconds .

========================================================================
Received Import Request.
  Time since last request: 0.000191 seconds.
  path: Assets/RPG_FPS_game_assets_industrial/Particles/Dust/Dust_v1/Source/Dust_v1.png
  artifactKey: Guid(d7e5fde27df1afc4589bd84aa08d79af) Importer(815301076,1909f56bfc062723c751e8b465ee728b)
Start importing Assets/RPG_FPS_game_assets_industrial/Particles/Dust/Dust_v1/Source/Dust_v1.png using Guid(d7e5fde27df1afc4589bd84aa08d79af) Importer(815301076,1909f56bfc062723c751e8b465ee728b)  -> (artifact id: '101da90195a100b66aa05e0d43efa594') in 0.011195 seconds
  Import took 0.017678 seconds .

========================================================================
Received Import Request.
  Time since last request: 0.000330 seconds.
  path: Assets/RPG_FPS_game_assets_industrial/Barrels/Barrel_v1/Source/Barrel_v1.tga
  artifactKey: Guid(d432d54d3a70da442896cc2f394cd34f) Importer(815301076,1909f56bfc062723c751e8b465ee728b)
Start importing Assets/RPG_FPS_game_assets_industrial/Barrels/Barrel_v1/Source/Barrel_v1.tga using Guid(d432d54d3a70da442896cc2f394cd34f) Importer(815301076,1909f56bfc062723c751e8b465ee728b)  -> (artifact id: '96f4c09763ef459ccb11c87d5f419738') in 0.043446 seconds
  Import took 0.052415 seconds .

========================================================================
Received Import Request.
  Time since last request: 0.000395 seconds.
  path: Assets/RPG_FPS_game_assets_industrial/Other_props/Conditioners/Conditioner_v1/Source/Conditioner_v1.tga
  artifactKey: Guid(798c9806c9069ad4488f6954ef02cb10) Importer(815301076,1909f56bfc062723c751e8b465ee728b)
Start importing Assets/RPG_FPS_game_assets_industrial/Other_props/Conditioners/Conditioner_v1/Source/Conditioner_v1.tga using Guid(798c9806c9069ad4488f6954ef02cb10) Importer(815301076,1909f56bfc062723c751e8b465ee728b)  -> (artifact id: '5547334b1a15c869e82f59f15a10f5a1') in 0.011924 seconds
  Import took 0.021583 seconds .

========================================================================
Received Import Request.
  Time since last request: 0.988286 seconds.
  path: Assets/M16 A1/Materials/Mat_Rifle_Caliber_5_56_1_MaskMap.png
  artifactKey: Guid(0155a64a02c837d498a236eef3953865) Importer(815301076,1909f56bfc062723c751e8b465ee728b)
Start importing Assets/M16 A1/Materials/Mat_Rifle_Caliber_5_56_1_MaskMap.png using Guid(0155a64a02c837d498a236eef3953865) Importer(815301076,1909f56bfc062723c751e8b465ee728b)  -> (artifact id: 'b91326f9377942fbfd5478f2c5b55f36') in 0.037987 seconds
  Import took 0.044670 seconds .

========================================================================
Received Import Request.
  Time since last request: 0.000273 seconds.
  path: Assets/角色/swat.fbm/Soldier_Body_normal.png
  artifactKey: Guid(559e133157801004e9ca9218fcf27a91) Importer(815301076,1909f56bfc062723c751e8b465ee728b)
Start importing Assets/角色/swat.fbm/Soldier_Body_normal.png using Guid(559e133157801004e9ca9218fcf27a91) Importer(815301076,1909f56bfc062723c751e8b465ee728b)  -> (artifact id: '3e437489853242c0cf2af9ac29409280') in 0.008661 seconds
  Import took 0.014979 seconds .

========================================================================
Received Import Request.
  Time since last request: 0.000262 seconds.
  path: Assets/RPG_FPS_game_assets_industrial/Map_v1/ReflectionProbe-0.exr
  artifactKey: Guid(f9657b190c3ea31418ace8711de83b3a) Importer(815301076,1909f56bfc062723c751e8b465ee728b)
Start importing Assets/RPG_FPS_game_assets_industrial/Map_v1/ReflectionProbe-0.exr using Guid(f9657b190c3ea31418ace8711de83b3a) Importer(815301076,1909f56bfc062723c751e8b465ee728b)  -> (artifact id: 'd5830eebbef41fe8b0e675e136384983') in 0.073104 seconds
  Import took 0.079634 seconds .

========================================================================
Received Import Request.
  Time since last request: 0.000270 seconds.
  path: Assets/角色/swat.fbm/Soldier_Body_specular.png
  artifactKey: Guid(e96808c94e9b6594c9ee0ae6782446b5) Importer(815301076,1909f56bfc062723c751e8b465ee728b)
Start importing Assets/角色/swat.fbm/Soldier_Body_specular.png using Guid(e96808c94e9b6594c9ee0ae6782446b5) Importer(815301076,1909f56bfc062723c751e8b465ee728b)  -> (artifact id: 'da4a7578d52523b16cc4d2dfc6b36e12') in 0.011086 seconds
  Import took 0.016568 seconds .

========================================================================
Received Import Request.
  Time since last request: 0.000265 seconds.
  path: Assets/M16 A1/Materials/Mat_Rifle_Caliber_5_56_MaskMap.png
  artifactKey: Guid(8fa2d41bbb696124bb386a33917dc52a) Importer(815301076,1909f56bfc062723c751e8b465ee728b)
Start importing Assets/M16 A1/Materials/Mat_Rifle_Caliber_5_56_MaskMap.png using Guid(8fa2d41bbb696124bb386a33917dc52a) Importer(815301076,1909f56bfc062723c751e8b465ee728b)  -> (artifact id: 'a44a922a2e74e7bd8feb4cb41fded15c') in 0.006995 seconds
  Import took 0.016547 seconds .

========================================================================
Received Import Request.
  Time since last request: 0.000436 seconds.
  path: Assets/RPG_FPS_game_assets_industrial/Map_v1/ReflectionProbe-0.exr
  artifactKey: Guid(f9657b190c3ea31418ace8711de83b3a) Importer(815301076,1909f56bfc062723c751e8b465ee728b)
Start importing Assets/RPG_FPS_game_assets_industrial/Map_v1/ReflectionProbe-0.exr using Guid(f9657b190c3ea31418ace8711de83b3a) Importer(815301076,1909f56bfc062723c751e8b465ee728b)  -> (artifact id: 'd5830eebbef41fe8b0e675e136384983') in 0.041080 seconds
  Import took 0.051205 seconds .

========================================================================
Received Import Request.
  Time since last request: 0.000245 seconds.
  path: Assets/RPG_FPS_game_assets_industrial/Fences/Road_blocks/Road_block_v1/Source/Road_block_v1.tga
  artifactKey: Guid(5c58c78889685f04380b9192970c5227) Importer(815301076,1909f56bfc062723c751e8b465ee728b)
Start importing Assets/RPG_FPS_game_assets_industrial/Fences/Road_blocks/Road_block_v1/Source/Road_block_v1.tga using Guid(5c58c78889685f04380b9192970c5227) Importer(815301076,1909f56bfc062723c751e8b465ee728b)  -> (artifact id: 'a587ab4db1383e844203fe0db8f5d919') in 0.015825 seconds
  Import took 0.021927 seconds .

========================================================================
Received Import Request.
  Time since last request: 0.000234 seconds.
  path: Assets/RPG_FPS_game_assets_industrial/Boxes/Wooden_box_v1/Source/Wooden_box_v1.tga
  artifactKey: Guid(8aa42610e2fd9d94ab24a45ef773d661) Importer(815301076,1909f56bfc062723c751e8b465ee728b)
Start importing Assets/RPG_FPS_game_assets_industrial/Boxes/Wooden_box_v1/Source/Wooden_box_v1.tga using Guid(8aa42610e2fd9d94ab24a45ef773d661) Importer(815301076,1909f56bfc062723c751e8b465ee728b)  -> (artifact id: '09fd440ed4dc3fc92779b4c161e249b6') in 0.005465 seconds
  Import took 0.012382 seconds .

========================================================================
Received Import Request.
  Time since last request: 0.000275 seconds.
  path: Assets/角色/swat.fbm/Soldier_Body_diffuse.png
  artifactKey: Guid(748fc585b678f6b40988b9407917882f) Importer(815301076,1909f56bfc062723c751e8b465ee728b)
Start importing Assets/角色/swat.fbm/Soldier_Body_diffuse.png using Guid(748fc585b678f6b40988b9407917882f) Importer(815301076,1909f56bfc062723c751e8b465ee728b)  -> (artifact id: '33bb49b423c75dd895ec16e55bb8a290') in 0.007026 seconds
  Import took 0.014139 seconds .

========================================================================
Received Import Request.
  Time since last request: 33.053014 seconds.
  path: Assets/RPG_FPS_game_assets_industrial/Map_v1/Lightmap-0_comp_light.exr
  artifactKey: Guid(37469662d4db43e4284bbd48189ccaf8) Importer(815301076,1909f56bfc062723c751e8b465ee728b)
Start importing Assets/RPG_FPS_game_assets_industrial/Map_v1/Lightmap-0_comp_light.exr using Guid(37469662d4db43e4284bbd48189ccaf8) Importer(815301076,1909f56bfc062723c751e8b465ee728b)  -> (artifact id: '481be3cd455c77d223823bd19f71f4af') in 0.073401 seconds
  Import took 0.082090 seconds .

========================================================================
Received Import Request.
  Time since last request: 0.000344 seconds.
  path: Assets/RPG_FPS_game_assets_industrial/Textures/Concrete_wall/UNIConcrete_walls/UNIConcrete_wall_v3/UNIConcrete_wall_v3.tga
  artifactKey: Guid(6c1e081cfcc027d4d9b32f8c4e0619ac) Importer(815301076,1909f56bfc062723c751e8b465ee728b)
Start importing Assets/RPG_FPS_game_assets_industrial/Textures/Concrete_wall/UNIConcrete_walls/UNIConcrete_wall_v3/UNIConcrete_wall_v3.tga using Guid(6c1e081cfcc027d4d9b32f8c4e0619ac) Importer(815301076,1909f56bfc062723c751e8b465ee728b)  -> (artifact id: '5d670ad6209652b4f8dade813ff698df') in 0.004400 seconds
  Import took 0.010386 seconds .

========================================================================
Received Import Request.
  Time since last request: 0.000268 seconds.
  path: Assets/RPG_FPS_game_assets_industrial/Map_v1/Lightmap-0_comp_light.exr
  artifactKey: Guid(37469662d4db43e4284bbd48189ccaf8) Importer(815301076,1909f56bfc062723c751e8b465ee728b)
Start importing Assets/RPG_FPS_game_assets_industrial/Map_v1/Lightmap-0_comp_light.exr using Guid(37469662d4db43e4284bbd48189ccaf8) Importer(815301076,1909f56bfc062723c751e8b465ee728b)  -> (artifact id: '481be3cd455c77d223823bd19f71f4af') in 0.010132 seconds
  Import took 0.016750 seconds .

========================================================================
Received Import Request.
  Time since last request: 0.000258 seconds.
  path: Assets/RPG_FPS_game_assets_industrial/Textures/Concrete_wall/UNIConcrete_walls/UNIConcrete_wall_v2/UNIConcrete_wall_v2.tga
  artifactKey: Guid(58332b65d17323b48b97df0241fe22e0) Importer(815301076,1909f56bfc062723c751e8b465ee728b)
Start importing Assets/RPG_FPS_game_assets_industrial/Textures/Concrete_wall/UNIConcrete_walls/UNIConcrete_wall_v2/UNIConcrete_wall_v2.tga using Guid(58332b65d17323b48b97df0241fe22e0) Importer(815301076,1909f56bfc062723c751e8b465ee728b)  -> (artifact id: '3ea0925e6d2cfb5cda7f22d6c040653b') in 0.005020 seconds
  Import took 0.012297 seconds .

========================================================================
Received Import Request.
  Time since last request: 0.000310 seconds.
  path: Assets/角色/swat.fbm/Soldier_head_specular.png
  artifactKey: Guid(af72256fc2d62fc4db7bf7d5b8a56ae9) Importer(815301076,1909f56bfc062723c751e8b465ee728b)
Start importing Assets/角色/swat.fbm/Soldier_head_specular.png using Guid(af72256fc2d62fc4db7bf7d5b8a56ae9) Importer(815301076,1909f56bfc062723c751e8b465ee728b)  -> (artifact id: '9a4e7a2d26c5d436943689dee088b75d') in 0.066618 seconds
  Import took 0.073081 seconds .

========================================================================
Received Import Request.
  Time since last request: 0.000232 seconds.
  path: Assets/RPG_FPS_game_assets_industrial/Textures/Concrete_wall/UNIConcrete_walls/UNIConcrete_wall_v1/UNIConcrete_wall_v1.tga
  artifactKey: Guid(6200c2173b59a4040b82202cdbc218f1) Importer(815301076,1909f56bfc062723c751e8b465ee728b)
Start importing Assets/RPG_FPS_game_assets_industrial/Textures/Concrete_wall/UNIConcrete_walls/UNIConcrete_wall_v1/UNIConcrete_wall_v1.tga using Guid(6200c2173b59a4040b82202cdbc218f1) Importer(815301076,1909f56bfc062723c751e8b465ee728b)  -> (artifact id: '156a8e18d9a133ade38cf31fe770c568') in 0.004586 seconds
  Import took 0.011846 seconds .

========================================================================
Received Prepare
Registering precompiled user dll's ...
Registered in 0.001406 seconds.
Begin MonoManager ReloadAssembly
Native extension for WindowsStandalone target not found
Native extension for WebGL target not found
Refreshing native plugins compatible for Editor in 0.61 ms, found 0 plugins.
Preloading 0 native plugins for Editor in 0.00 ms.
Invoked RoslynAnalysisRunner static constructor.
RoslynAnalysisRunner will not be running.
RoslynAnalysisRunner has terminated.
Mono: successfully reloaded assembly
- Completed reload, in  1.117 seconds
Platform modules already initialized, skipping
D3D shader create error for vertex shader [0x80070057]
D3D shader create error for vertex shader [0x80070057]
D3D shader create error for vertex shader [0x80070057]
D3D shader create error for domain shader [0x80070057]
D3D shader create error for domain shader [0x80070057]
D3D shader create error for vertex shader [0x80070057]
Refreshing native plugins compatible for Editor in 0.90 ms, found 0 plugins.
Preloading 0 native plugins for Editor in 0.00 ms.
Unloading 3399 Unused Serialized files (Serialized files now loaded: 0)
System memory in use before: 175.3 MB.
System memory in use after: 175.5 MB.

Unloading 6 unused Assets to reduce memory usage. Loaded Objects now: 4179.
Total: 8.435500 ms (FindLiveObjects: 3.351700 ms CreateObjectMapping: 0.476000 ms MarkObjects: 4.586500 ms  DeleteObjects: 0.019600 ms)

========================================================================
Received Import Request.
  Time since last request: 110.519205 seconds.
  path: Assets/RPG_FPS_game_assets_industrial/Textures/Asphalt/Road_with_pavements_v1/Road_with_pavements_v1.tga
  artifactKey: Guid(ce6e3eaa632b8454ba2bcc6809437fe7) Importer(815301076,1909f56bfc062723c751e8b465ee728b)
Start importing Assets/RPG_FPS_game_assets_industrial/Textures/Asphalt/Road_with_pavements_v1/Road_with_pavements_v1.tga using Guid(ce6e3eaa632b8454ba2bcc6809437fe7) Importer(815301076,1909f56bfc062723c751e8b465ee728b)  -> (artifact id: 'd9139ca812519e2c135520a58371313a') in 0.068832 seconds
  Import took 0.077644 seconds .

========================================================================
Received Import Request.
  Time since last request: 0.000302 seconds.
  path: Assets/角色/swat.fbm/Soldier_head_diffuse.png
  artifactKey: Guid(e1745e8b52625b2439b75c82c8a7cc51) Importer(815301076,1909f56bfc062723c751e8b465ee728b)
Start importing Assets/角色/swat.fbm/Soldier_head_diffuse.png using Guid(e1745e8b52625b2439b75c82c8a7cc51) Importer(815301076,1909f56bfc062723c751e8b465ee728b)  -> (artifact id: '31ad682934f07aa1d3eec15fc9c030a2') in 0.014322 seconds
  Import took 0.019705 seconds .

========================================================================
Received Import Request.
  Time since last request: 0.000263 seconds.
  path: Assets/角色/swat.fbm/Soldier_head_normal.png
  artifactKey: Guid(9a839c77acd8fe54b85cf5f7b24583c8) Importer(815301076,1909f56bfc062723c751e8b465ee728b)
Start importing Assets/角色/swat.fbm/Soldier_head_normal.png using Guid(9a839c77acd8fe54b85cf5f7b24583c8) Importer(815301076,1909f56bfc062723c751e8b465ee728b)  -> (artifact id: '095a961a4893be60b589f32844b6c37d') in 0.065003 seconds
  Import took 0.071794 seconds .

========================================================================
Received Import Request.
  Time since last request: 10.028747 seconds.
  path: Assets/ColorSkies/Textures/Skybox_8/Left_Tex.png
  artifactKey: Guid(e80644f2945153b4cbec6ea25b00bd87) Importer(815301076,1909f56bfc062723c751e8b465ee728b)
Start importing Assets/ColorSkies/Textures/Skybox_8/Left_Tex.png using Guid(e80644f2945153b4cbec6ea25b00bd87) Importer(815301076,1909f56bfc062723c751e8b465ee728b)  -> (artifact id: '540b0e39f8afaddfea460e3f1592a243') in 0.047272 seconds
  Import took 0.054744 seconds .

========================================================================
Received Import Request.
  Time since last request: 0.000262 seconds.
  path: Assets/RPG_FPS_game_assets_industrial/Other_props/Pipes/Pipe_sets/Pipes_set_v1/Source/Pipes_set_v1.tga
  artifactKey: Guid(dee8a8832467e014daf16a95451b8280) Importer(815301076,1909f56bfc062723c751e8b465ee728b)
Start importing Assets/RPG_FPS_game_assets_industrial/Other_props/Pipes/Pipe_sets/Pipes_set_v1/Source/Pipes_set_v1.tga using Guid(dee8a8832467e014daf16a95451b8280) Importer(815301076,1909f56bfc062723c751e8b465ee728b)  -> (artifact id: '8459eda7992174ae8433ee0a277e339a') in 0.018328 seconds
  Import took 0.023666 seconds .

========================================================================
Received Import Request.
  Time since last request: 0.000270 seconds.
  path: Assets/ColorSkies/Textures/Skybox_6/Right_Tex.png
  artifactKey: Guid(e6c1cd7db73de0640b5195271e2c731e) Importer(815301076,1909f56bfc062723c751e8b465ee728b)
Start importing Assets/ColorSkies/Textures/Skybox_6/Right_Tex.png using Guid(e6c1cd7db73de0640b5195271e2c731e) Importer(815301076,1909f56bfc062723c751e8b465ee728b)  -> (artifact id: 'f366668aa43904e61547a316c03fd9f0') in 0.005488 seconds
  Import took 0.012262 seconds .

========================================================================
Received Import Request.
  Time since last request: 0.000059 seconds.
  path: Assets/ColorSkies/Textures/Skybox_8/Left_Tex.png
  artifactKey: Guid(e80644f2945153b4cbec6ea25b00bd87) Importer(815301076,1909f56bfc062723c751e8b465ee728b)
Start importing Assets/ColorSkies/Textures/Skybox_8/Left_Tex.png using Guid(e80644f2945153b4cbec6ea25b00bd87) Importer(815301076,1909f56bfc062723c751e8b465ee728b)  -> (artifact id: '540b0e39f8afaddfea460e3f1592a243') in 0.039377 seconds
  Import took 0.045440 seconds .

========================================================================
Received Import Request.
  Time since last request: 0.000227 seconds.
  path: Assets/RPG_FPS_game_assets_industrial/Other_props/Palets/Palet_v1/Source/Palet_v1.tga
  artifactKey: Guid(95f29d42702393e4f96e0e0c1ab5c3c3) Importer(815301076,1909f56bfc062723c751e8b465ee728b)
Start importing Assets/RPG_FPS_game_assets_industrial/Other_props/Palets/Palet_v1/Source/Palet_v1.tga using Guid(95f29d42702393e4f96e0e0c1ab5c3c3) Importer(815301076,1909f56bfc062723c751e8b465ee728b)  -> (artifact id: '886c47ed8fe672a870e67b10a4efa832') in 0.016424 seconds
  Import took 0.022837 seconds .

========================================================================
Received Import Request.
  Time since last request: 0.008702 seconds.
  path: Assets/RPG_FPS_game_assets_industrial/Other_props/Palets/Palet_v1/Source/Palet_v1.tga
  artifactKey: Guid(95f29d42702393e4f96e0e0c1ab5c3c3) Importer(815301076,1909f56bfc062723c751e8b465ee728b)
Start importing Assets/RPG_FPS_game_assets_industrial/Other_props/Palets/Palet_v1/Source/Palet_v1.tga using Guid(95f29d42702393e4f96e0e0c1ab5c3c3) Importer(815301076,1909f56bfc062723c751e8b465ee728b)  -> (artifact id: '886c47ed8fe672a870e67b10a4efa832') in 0.005357 seconds
  Import took 0.011618 seconds .

========================================================================
Received Prepare
Registering precompiled user dll's ...
Registered in 0.001678 seconds.
Begin MonoManager ReloadAssembly
Native extension for WindowsStandalone target not found
Native extension for WebGL target not found
Refreshing native plugins compatible for Editor in 0.64 ms, found 0 plugins.
Preloading 0 native plugins for Editor in 0.00 ms.
Invoked RoslynAnalysisRunner static constructor.
RoslynAnalysisRunner will not be running.
RoslynAnalysisRunner has terminated.
Mono: successfully reloaded assembly
- Completed reload, in  1.192 seconds
Platform modules already initialized, skipping
D3D shader create error for vertex shader [0x80070057]
D3D shader create error for vertex shader [0x80070057]
D3D shader create error for vertex shader [0x80070057]
D3D shader create error for domain shader [0x80070057]
D3D shader create error for domain shader [0x80070057]
D3D shader create error for vertex shader [0x80070057]
Refreshing native plugins compatible for Editor in 0.68 ms, found 0 plugins.
Preloading 0 native plugins for Editor in 0.00 ms.
Unloading 3399 Unused Serialized files (Serialized files now loaded: 0)
System memory in use before: 174.3 MB.
System memory in use after: 174.6 MB.

Unloading 6 unused Assets to reduce memory usage. Loaded Objects now: 4182.
Total: 4.587300 ms (FindLiveObjects: 0.475000 ms CreateObjectMapping: 0.263700 ms MarkObjects: 3.560600 ms  DeleteObjects: 0.286100 ms)

========================================================================
Received Import Request.
  Time since last request: 3332.206434 seconds.
  path: Assets/RPG_FPS_game_assets_industrial/Oil_tanks/Oil_tank_v1/Source/Oil_tank_v1.tga
  artifactKey: Guid(c74571de37cd5b647ade058cabb457a7) Importer(815301076,1909f56bfc062723c751e8b465ee728b)
Start importing Assets/RPG_FPS_game_assets_industrial/Oil_tanks/Oil_tank_v1/Source/Oil_tank_v1.tga using Guid(c74571de37cd5b647ade058cabb457a7) Importer(815301076,1909f56bfc062723c751e8b465ee728b)  -> (artifact id: 'e64e6889cc5a7d77f5fad71d523af283') in 0.043263 seconds
  Import took 0.054668 seconds .

========================================================================
Received Import Request.
  Time since last request: 0.000317 seconds.
  path: Assets/RPG_FPS_game_assets_industrial/Textures/Asphalt/Seamless_asphalt_v1/Seamless_asphalt_v1.tga
  artifactKey: Guid(b0fe82528f70e8947aa0d123fa3194fe) Importer(815301076,1909f56bfc062723c751e8b465ee728b)
Start importing Assets/RPG_FPS_game_assets_industrial/Textures/Asphalt/Seamless_asphalt_v1/Seamless_asphalt_v1.tga using Guid(b0fe82528f70e8947aa0d123fa3194fe) Importer(815301076,1909f56bfc062723c751e8b465ee728b)  -> (artifact id: '72c10bcb8eb50010baea81d770c5eaeb') in 0.008359 seconds
  Import took 0.016542 seconds .

========================================================================
Received Import Request.
  Time since last request: 0.000279 seconds.
  path: Assets/RPG_FPS_game_assets_industrial/Oil_tanks/Oil_tank_v1/Source/Oil_tank_v1.tga
  artifactKey: Guid(c74571de37cd5b647ade058cabb457a7) Importer(815301076,1909f56bfc062723c751e8b465ee728b)
Start importing Assets/RPG_FPS_game_assets_industrial/Oil_tanks/Oil_tank_v1/Source/Oil_tank_v1.tga using Guid(c74571de37cd5b647ade058cabb457a7) Importer(815301076,1909f56bfc062723c751e8b465ee728b)  -> (artifact id: 'e64e6889cc5a7d77f5fad71d523af283') in 0.006522 seconds
  Import took 0.013952 seconds .

========================================================================
Received Import Request.
  Time since last request: 0.000043 seconds.
  path: Assets/RPG_FPS_game_assets_industrial/Oil_tanks/Oil_tank_v2/Source/Oil_tank_v2.tga
  artifactKey: Guid(12a80e926db1d6143b5ff9388f2d4f45) Importer(815301076,1909f56bfc062723c751e8b465ee728b)
Start importing Assets/RPG_FPS_game_assets_industrial/Oil_tanks/Oil_tank_v2/Source/Oil_tank_v2.tga using Guid(12a80e926db1d6143b5ff9388f2d4f45) Importer(815301076,1909f56bfc062723c751e8b465ee728b)  -> (artifact id: '1e55050d9fd3898c5508e053ceb8b9bf') in 0.007878 seconds
  Import took 0.021104 seconds .

========================================================================
Received Import Request.
  Time since last request: 40.576847 seconds.
  path: Assets/ColorSkies/Textures/Skybox_4/Right_Tex.png
  artifactKey: Guid(dab48f6609da7be4aae65265198dde18) Importer(815301076,1909f56bfc062723c751e8b465ee728b)
Start importing Assets/ColorSkies/Textures/Skybox_4/Right_Tex.png using Guid(dab48f6609da7be4aae65265198dde18) Importer(815301076,1909f56bfc062723c751e8b465ee728b)  -> (artifact id: '67c9faaf75aae1b94845d22a0744b818') in 0.075619 seconds
  Import took 0.084240 seconds .

========================================================================
Received Import Request.
  Time since last request: 0.000243 seconds.
  path: Assets/ColorSkies/Textures/Skybox_2/Right_Tex.png
  artifactKey: Guid(19b2b1a141020bd43b39b581f1c66dcb) Importer(815301076,1909f56bfc062723c751e8b465ee728b)
Start importing Assets/ColorSkies/Textures/Skybox_2/Right_Tex.png using Guid(19b2b1a141020bd43b39b581f1c66dcb) Importer(815301076,1909f56bfc062723c751e8b465ee728b)  -> (artifact id: '82c85cff540233e54efbc2458621c394') in 0.012994 seconds
  Import took 0.019303 seconds .

========================================================================
Received Import Request.
  Time since last request: 0.000087 seconds.
  path: Assets/ColorSkies/Textures/Skybox_5/Right_Tex.png
  artifactKey: Guid(aca887f2ebec15e47a0162f8ce72295f) Importer(815301076,1909f56bfc062723c751e8b465ee728b)
Start importing Assets/ColorSkies/Textures/Skybox_5/Right_Tex.png using Guid(aca887f2ebec15e47a0162f8ce72295f) Importer(815301076,1909f56bfc062723c751e8b465ee728b)  -> (artifact id: 'a3a1208ef1bc101c24bca5d89e497277') in 0.006787 seconds
  Import took 0.013678 seconds .

========================================================================
Received Import Request.
  Time since last request: 0.000307 seconds.
  path: Assets/ColorSkies/Textures/Skybox_7/Right_Tex.png
  artifactKey: Guid(dd21d60bd4eed1447a1dc3b3a4e684b8) Importer(815301076,1909f56bfc062723c751e8b465ee728b)
Start importing Assets/ColorSkies/Textures/Skybox_7/Right_Tex.png using Guid(dd21d60bd4eed1447a1dc3b3a4e684b8) Importer(815301076,1909f56bfc062723c751e8b465ee728b)  -> (artifact id: '8e989260618246e5e6dde7b4eaa57f58') in 0.033476 seconds
  Import took 0.039227 seconds .

========================================================================
Received Import Request.
  Time since last request: 0.000236 seconds.
  path: Assets/ColorSkies/Textures/Skybox_3/Right_Tex.png
  artifactKey: Guid(9cec472ff7443044ea6ec18c82bd0923) Importer(815301076,1909f56bfc062723c751e8b465ee728b)
Start importing Assets/ColorSkies/Textures/Skybox_3/Right_Tex.png using Guid(9cec472ff7443044ea6ec18c82bd0923) Importer(815301076,1909f56bfc062723c751e8b465ee728b)  -> (artifact id: 'd05801589118dcb7353fb80cb56a5693') in 0.014873 seconds
  Import took 0.020053 seconds .

========================================================================
Received Import Request.
  Time since last request: 0.000279 seconds.
  path: Assets/ColorSkies/Textures/Skybox_8/Right_Tex.png
  artifactKey: Guid(29ebee78b691b3d4bb701eb7e8438b8a) Importer(815301076,1909f56bfc062723c751e8b465ee728b)
Start importing Assets/ColorSkies/Textures/Skybox_8/Right_Tex.png using Guid(29ebee78b691b3d4bb701eb7e8438b8a) Importer(815301076,1909f56bfc062723c751e8b465ee728b)  -> (artifact id: '00e774d2ddef93f20992d1522f809030') in 0.005771 seconds
  Import took 0.013374 seconds .

========================================================================
Received Import Request.
  Time since last request: 0.000270 seconds.
  path: Assets/ColorSkies/Textures/Skybox_1/Right_Tex.png
  artifactKey: Guid(18089b724a86a61418bb95b958d57e7c) Importer(815301076,1909f56bfc062723c751e8b465ee728b)
Start importing Assets/ColorSkies/Textures/Skybox_1/Right_Tex.png using Guid(18089b724a86a61418bb95b958d57e7c) Importer(815301076,1909f56bfc062723c751e8b465ee728b)  -> (artifact id: '8131a03f55702aab69570521bb26c295') in 0.006666 seconds
  Import took 0.015511 seconds .

========================================================================
Received Import Request.
  Time since last request: 0.090176 seconds.
  path: Assets/ColorSkies/Textures/Skybox_1/Right_Tex.png
  artifactKey: Guid(18089b724a86a61418bb95b958d57e7c) Importer(815301076,1909f56bfc062723c751e8b465ee728b)
Start importing Assets/ColorSkies/Textures/Skybox_1/Right_Tex.png using Guid(18089b724a86a61418bb95b958d57e7c) Importer(815301076,1909f56bfc062723c751e8b465ee728b)  -> (artifact id: '8131a03f55702aab69570521bb26c295') in 0.009322 seconds
  Import took 0.019382 seconds .

========================================================================
Received Import Request.
  Time since last request: 88.884244 seconds.
  path: Assets/RPG_FPS_game_assets_industrial/Barrels
  artifactKey: Guid(5e08619e167fbc04ea4c8c676ef68107) Importer(815301076,1909f56bfc062723c751e8b465ee728b)
Start importing Assets/RPG_FPS_game_assets_industrial/Barrels using Guid(5e08619e167fbc04ea4c8c676ef68107) Importer(815301076,1909f56bfc062723c751e8b465ee728b)  -> (artifact id: 'f084566a082d2dcaa19d0daad2916e6a') in 0.001126 seconds
  Import took 0.007946 seconds .

========================================================================
Received Import Request.
  Time since last request: 0.966906 seconds.
  path: Assets/RPG_FPS_game_assets_industrial/Barrels/Barrel_v1
  artifactKey: Guid(5424c2ecb16e3324fa14062012b879ac) Importer(815301076,1909f56bfc062723c751e8b465ee728b)
Start importing Assets/RPG_FPS_game_assets_industrial/Barrels/Barrel_v1 using Guid(5424c2ecb16e3324fa14062012b879ac) Importer(815301076,1909f56bfc062723c751e8b465ee728b)  -> (artifact id: 'd123c0531773a9460bb1099942d44f88') in 0.000976 seconds
  Import took 0.007808 seconds .

========================================================================
Received Import Request.
  Time since last request: 0.767922 seconds.
  path: Assets/RPG_FPS_game_assets_industrial/Barrels/Barrel_v1/Source
  artifactKey: Guid(3fa09c906ad7bdd4b8e75e6a95f135c5) Importer(815301076,1909f56bfc062723c751e8b465ee728b)
Start importing Assets/RPG_FPS_game_assets_industrial/Barrels/Barrel_v1/Source using Guid(3fa09c906ad7bdd4b8e75e6a95f135c5) Importer(815301076,1909f56bfc062723c751e8b465ee728b)  -> (artifact id: 'ae2a49d8b7df939a90dbb52cebf76c76') in 0.003007 seconds
  Import took 0.010386 seconds .

========================================================================
Received Prepare
Registering precompiled user dll's ...
Registered in 0.001793 seconds.
Begin MonoManager ReloadAssembly
Native extension for WindowsStandalone target not found
Native extension for WebGL target not found
Refreshing native plugins compatible for Editor in 0.80 ms, found 0 plugins.
Preloading 0 native plugins for Editor in 0.00 ms.
Invoked RoslynAnalysisRunner static constructor.
RoslynAnalysisRunner will not be running.
RoslynAnalysisRunner has terminated.
Mono: successfully reloaded assembly
- Completed reload, in  1.146 seconds
Platform modules already initialized, skipping
D3D shader create error for vertex shader [0x80070057]
D3D shader create error for vertex shader [0x80070057]
D3D shader create error for vertex shader [0x80070057]
D3D shader create error for domain shader [0x80070057]
D3D shader create error for domain shader [0x80070057]
D3D shader create error for vertex shader [0x80070057]
Refreshing native plugins compatible for Editor in 0.72 ms, found 0 plugins.
Preloading 0 native plugins for Editor in 0.00 ms.
Unloading 3399 Unused Serialized files (Serialized files now loaded: 0)
System memory in use before: 174.4 MB.
System memory in use after: 174.6 MB.

Unloading 6 unused Assets to reduce memory usage. Loaded Objects now: 4184.
Total: 2.975000 ms (FindLiveObjects: 0.361000 ms CreateObjectMapping: 0.213200 ms MarkObjects: 2.352700 ms  DeleteObjects: 0.047200 ms)

========================================================================
Received Prepare
Registering precompiled user dll's ...
Registered in 0.001440 seconds.
Begin MonoManager ReloadAssembly
Native extension for WindowsStandalone target not found
Native extension for WebGL target not found
Refreshing native plugins compatible for Editor in 0.60 ms, found 0 plugins.
Preloading 0 native plugins for Editor in 0.00 ms.
Invoked RoslynAnalysisRunner static constructor.
RoslynAnalysisRunner will not be running.
RoslynAnalysisRunner has terminated.
Mono: successfully reloaded assembly
- Completed reload, in  1.122 seconds
Platform modules already initialized, skipping
D3D shader create error for vertex shader [0x80070057]
D3D shader create error for vertex shader [0x80070057]
D3D shader create error for vertex shader [0x80070057]
D3D shader create error for domain shader [0x80070057]
D3D shader create error for domain shader [0x80070057]
D3D shader create error for vertex shader [0x80070057]
Refreshing native plugins compatible for Editor in 0.65 ms, found 0 plugins.
Preloading 0 native plugins for Editor in 0.00 ms.
Unloading 3399 Unused Serialized files (Serialized files now loaded: 0)
System memory in use before: 175.4 MB.
System memory in use after: 175.6 MB.

Unloading 6 unused Assets to reduce memory usage. Loaded Objects now: 4186.
Total: 2.776700 ms (FindLiveObjects: 0.346200 ms CreateObjectMapping: 0.210300 ms MarkObjects: 2.199200 ms  DeleteObjects: 0.019900 ms)

========================================================================
Received Prepare
Registering precompiled user dll's ...
Registered in 0.001805 seconds.
Begin MonoManager ReloadAssembly
Native extension for WindowsStandalone target not found
Native extension for WebGL target not found
Refreshing native plugins compatible for Editor in 0.61 ms, found 0 plugins.
Preloading 0 native plugins for Editor in 0.00 ms.
Invoked RoslynAnalysisRunner static constructor.
RoslynAnalysisRunner will not be running.
RoslynAnalysisRunner has terminated.
Mono: successfully reloaded assembly
- Completed reload, in  1.231 seconds
Platform modules already initialized, skipping
D3D shader create error for vertex shader [0x80070057]
D3D shader create error for vertex shader [0x80070057]
D3D shader create error for vertex shader [0x80070057]
D3D shader create error for domain shader [0x80070057]
D3D shader create error for domain shader [0x80070057]
D3D shader create error for vertex shader [0x80070057]
Refreshing native plugins compatible for Editor in 0.74 ms, found 0 plugins.
Preloading 0 native plugins for Editor in 0.00 ms.
Unloading 3399 Unused Serialized files (Serialized files now loaded: 0)
System memory in use before: 175.4 MB.
System memory in use after: 175.6 MB.

Unloading 6 unused Assets to reduce memory usage. Loaded Objects now: 4188.
Total: 5.868300 ms (FindLiveObjects: 0.396600 ms CreateObjectMapping: 1.469600 ms MarkObjects: 3.978900 ms  DeleteObjects: 0.021900 ms)

AssetImportWorkerClient::OnTransportError - code=2 error=End of file
